<?xml version='1.0' encoding='UTF-8'?>
<testsuite hostname="johnreed-Galago-UltraPro" name="info.collaboration_station.debug.testing.StackSpec" tests="7" errors="0" failures="0" time="0.018">
                     <properties>
[...]
</properties>
                     <testcase classname="info.collaboration_station.debug.testing.StackSpec" name="one plus one should equal two" time="0.009">
                                                 
                                               </testcase><testcase classname="info.collaboration_station.debug.testing.StackSpec" name="Enabling trace to std err should allow tracing to std err" time="0.005">
                                                 
                                               </testcase><testcase classname="info.collaboration_station.debug.testing.StackSpec" name="Disabling trace to std err should disable tracing to std err" time="0.001">
                                                 
                                               </testcase><testcase classname="info.collaboration_station.debug.testing.StackSpec" name="Enabling trace to std out should allow tracing to std out" time="0.0">
                                                 
                                               </testcase><testcase classname="info.collaboration_station.debug.testing.StackSpec" name="Disabling trace to std out should disable tracing to std out" time="0.0">
                                                 
                                               </testcase><testcase classname="info.collaboration_station.debug.testing.StackSpec" name="Disabling trace to std out should not disable assert to standard out" time="0.002">
                                                 
                                               </testcase><testcase classname="info.collaboration_station.debug.testing.StackSpec" name="Disabling non-fatal assert should stop non-fatal assert from working" time="0.001">
                                                 
                                               </testcase>
                     <system-out></system-out>
                     <system-err></system-err>
                   </testsuite>